<?xml version="1.0" encoding="UTF-8"?>
<!-- Generated by org.testng.reporters.JUnitXMLReporter -->
<testsuite ignored="1" hostname="DESKTOP-SUHMU3A" failures="1" tests="1" name="Default test(failed)" time="0.248" errors="0" timestamp="2022-06-01T21:15:44 IST">
  <testcase classname="shortThings.MyFirstTestCase" name="testMatch" time="0.02">
    <failure type="java.lang.AssertionError" message="expected [true] but found [false]">
      <![CDATA[java.lang.AssertionError: expected [true] but found [false]
at shortThings.MyFirstTestCase.testMatch(MyFirstTestCase.java:28)
at java.base/java.util.ArrayList.forEach(ArrayList.java:1511)
... Removed 31 stack frames]]>
    </failure>
  </testcase> <!-- testMatch -->
  <testcase classname="shortThings.MyFirstTestCase" name="verifyGoogleTitle" time="0.0">
    <ignored/>
  </testcase> <!-- verifyGoogleTitle -->
</testsuite> <!-- Default test(failed) -->
